<?xml version="1.0" encoding="UTF-8"?>
<coverage generated="1781633417800" clover="3.2.0">
  <project timestamp="1781633417800" name="All files">
    <metrics statements="48" coveredstatements="48" conditionals="2" coveredconditionals="2" methods="12" coveredmethods="12" elements="62" coveredelements="62" complexity="0" loc="48" ncloc="48" packages="2" files="4" classes="4"/>
    <package name="parsers">
      <metrics statements="39" coveredstatements="39" conditionals="0" coveredconditionals="0" methods="12" coveredmethods="12"/>
      <file name="csvParser.ts" path="C:\Users\User\Desktop\Wassim SE2\src\parsers\csvParser.ts">
        <metrics statements="18" coveredstatements="18" conditionals="0" coveredconditionals="0" methods="8" coveredmethods="8"/>
        <line num="1" count="1" type="stmt"/>
        <line num="2" count="1" type="stmt"/>
        <line num="4" count="1" type="stmt"/>
        <line num="5" count="2" type="stmt"/>
        <line num="6" count="2" type="stmt"/>
        <line num="8" count="2" type="stmt"/>
        <line num="10" count="2" type="stmt"/>
        <line num="12" count="265" type="stmt"/>
        <line num="14" count="1" type="stmt"/>
        <line num="16" count="264" type="stmt"/>
        <line num="18" count="4488" type="stmt"/>
        <line num="19" count="264" type="stmt"/>
        <line num="23" count="2" type="stmt"/>
        <line num="24" count="1" type="stmt"/>
        <line num="25" count="1" type="stmt"/>
        <line num="28" count="2" type="stmt"/>
        <line num="29" count="1" type="stmt"/>
        <line num="32" count="1" type="stmt"/>
      </file>
      <file name="jsonParser.ts" path="C:\Users\User\Desktop\Wassim SE2\src\parsers\jsonParser.ts">
        <metrics statements="10" coveredstatements="10" conditionals="0" coveredconditionals="0" methods="2" coveredmethods="2"/>
        <line num="1" count="1" type="stmt"/>
        <line num="2" count="1" type="stmt"/>
        <line num="4" count="2" type="stmt"/>
        <line num="5" count="2" type="stmt"/>
        <line num="6" count="2" type="stmt"/>
        <line num="7" count="1" type="stmt"/>
        <line num="8" count="1" type="stmt"/>
        <line num="9" count="1" type="stmt"/>
        <line num="11" count="1" type="stmt"/>
        <line num="12" count="1" type="stmt"/>
      </file>
      <file name="xmlParser.ts" path="C:\Users\User\Desktop\Wassim SE2\src\parsers\xmlParser.ts">
        <metrics statements="11" coveredstatements="11" conditionals="0" coveredconditionals="0" methods="2" coveredmethods="2"/>
        <line num="1" count="1" type="stmt"/>
        <line num="2" count="1" type="stmt"/>
        <line num="3" count="1" type="stmt"/>
        <line num="5" count="2" type="stmt"/>
        <line num="6" count="2" type="stmt"/>
        <line num="8" count="2" type="stmt"/>
        <line num="12" count="1" type="stmt"/>
        <line num="16" count="1" type="stmt"/>
        <line num="17" count="1" type="stmt"/>
        <line num="19" count="1" type="stmt"/>
        <line num="20" count="1" type="stmt"/>
      </file>
    </package>
    <package name="utils">
      <metrics statements="9" coveredstatements="9" conditionals="2" coveredconditionals="2" methods="0" coveredmethods="0"/>
      <file name="logger.ts" path="C:\Users\User\Desktop\Wassim SE2\src\utils\logger.ts">
        <metrics statements="9" coveredstatements="9" conditionals="2" coveredconditionals="2" methods="0" coveredmethods="0"/>
        <line num="1" count="3" type="stmt"/>
        <line num="2" count="3" type="stmt"/>
        <line num="3" count="3" type="stmt"/>
        <line num="6" count="3" type="stmt"/>
        <line num="7" count="3" type="cond" truecount="2" falsecount="0"/>
        <line num="8" count="1" type="stmt"/>
        <line num="11" count="3" type="stmt"/>
        <line num="17" count="3" type="stmt"/>
        <line num="38" count="3" type="stmt"/>
      </file>
    </package>
  </project>
</coverage>
