{"C:\\Users\\User\\Desktop\\Wassim SE2\\src\\parsers\\csvParser.ts": {"path":"C:\\Users\\User\\Desktop\\Wassim SE2\\src\\parsers\\csvParser.ts","statementMap":{"0":{"start":{"line":1,"column":0},"end":{"line":1,"column":20}},"1":{"start":{"line":2,"column":0},"end":{"line":2,"column":37}},"2":{"start":{"line":4,"column":24},"end":{"line":35,"column":1}},"3":{"start":{"line":5,"column":2},"end":{"line":34,"column":5}},"4":{"start":{"line":6,"column":32},"end":{"line":6,"column":34}},"5":{"start":{"line":8,"column":23},"end":{"line":8,"column":75}},"6":{"start":{"line":10,"column":4},"end":{"line":21,"column":7}},"7":{"start":{"line":12,"column":20},"end":{"line":12,"column":74}},"8":{"start":{"line":12,"column":55},"end":{"line":12,"column":73}},"9":{"start":{"line":14,"column":6},"end":{"line":20,"column":9}},"10":{"start":{"line":16,"column":24},"end":{"line":18,"column":61}},"11":{"start":{"line":18,"column":26},"end":{"line":18,"column":60}},"12":{"start":{"line":19,"column":8},"end":{"line":19,"column":30}},"13":{"start":{"line":23,"column":4},"end":{"line":26,"column":7}},"14":{"start":{"line":24,"column":6},"end":{"line":24,"column":63}},"15":{"start":{"line":25,"column":6},"end":{"line":25,"column":23}},"16":{"start":{"line":28,"column":4},"end":{"line":33,"column":7}},"17":{"start":{"line":29,"column":6},"end":{"line":31,"column":8}},"18":{"start":{"line":32,"column":6},"end":{"line":32,"column":20}},"19":{"start":{"line":4,"column":13},"end":{"line":4,"column":24}}},"fnMap":{"0":{"name":"(anonymous_1)","decl":{"start":{"line":4,"column":24},"end":{"line":4,"column":25}},"loc":{"start":{"line":4,"column":66},"end":{"line":35,"column":1}}},"1":{"name":"(anonymous_2)","decl":{"start":{"line":5,"column":21},"end":{"line":5,"column":22}},"loc":{"start":{"line":5,"column":41},"end":{"line":34,"column":3}}},"2":{"name":"(anonymous_3)","decl":{"start":{"line":10,"column":26},"end":{"line":10,"column":27}},"loc":{"start":{"line":10,"column":44},"end":{"line":21,"column":5}}},"3":{"name":"(anonymous_4)","decl":{"start":{"line":12,"column":45},"end":{"line":12,"column":46}},"loc":{"start":{"line":12,"column":55},"end":{"line":12,"column":73}}},"4":{"name":"(anonymous_5)","decl":{"start":{"line":14,"column":20},"end":{"line":14,"column":21}},"loc":{"start":{"line":14,"column":29},"end":{"line":20,"column":7}}},"5":{"name":"(anonymous_6)","decl":{"start":{"line":18,"column":15},"end":{"line":18,"column":16}},"loc":{"start":{"line":18,"column":26},"end":{"line":18,"column":60}}},"6":{"name":"(anonymous_7)","decl":{"start":{"line":23,"column":25},"end":{"line":23,"column":28}},"loc":{"start":{"line":23,"column":30},"end":{"line":26,"column":5}}},"7":{"name":"(anonymous_8)","decl":{"start":{"line":28,"column":27},"end":{"line":28,"column":28}},"loc":{"start":{"line":28,"column":37},"end":{"line":33,"column":5}}}},"branchMap":{},"s":{"0":1,"1":1,"2":1,"3":2,"4":2,"5":2,"6":2,"7":1,"8":265,"9":1,"10":264,"11":4488,"12":264,"13":2,"14":1,"15":1,"16":2,"17":1,"18":1,"19":1},"f":{"0":2,"1":2,"2":1,"3":265,"4":264,"5":4488,"6":1,"7":1},"b":{}}
,"C:\\Users\\User\\Desktop\\Wassim SE2\\src\\parsers\\jsonParser.ts": {"path":"C:\\Users\\User\\Desktop\\Wassim SE2\\src\\parsers\\jsonParser.ts","statementMap":{"0":{"start":{"line":1,"column":0},"end":{"line":1,"column":29}},"1":{"start":{"line":2,"column":0},"end":{"line":2,"column":37}},"2":{"start":{"line":4,"column":25},"end":{"line":14,"column":2}},"3":{"start":{"line":4,"column":66},"end":{"line":14,"column":2}},"4":{"start":{"line":5,"column":2},"end":{"line":13,"column":3}},"5":{"start":{"line":6,"column":20},"end":{"line":6,"column":56}},"6":{"start":{"line":7,"column":23},"end":{"line":7,"column":42}},"7":{"start":{"line":8,"column":4},"end":{"line":8,"column":62}},"8":{"start":{"line":9,"column":4},"end":{"line":9,"column":22}},"9":{"start":{"line":11,"column":4},"end":{"line":11,"column":77}},"10":{"start":{"line":12,"column":4},"end":{"line":12,"column":60}},"11":{"start":{"line":4,"column":13},"end":{"line":4,"column":25}}},"fnMap":{"0":{"name":"(anonymous_8)","decl":{"start":{"line":4,"column":25},"end":{"line":4,"column":32}},"loc":{"start":{"line":4,"column":66},"end":{"line":14,"column":2}}},"1":{"name":"(anonymous_9)","decl":{"start":{"line":4,"column":66},"end":{"line":4,"column":null}},"loc":{"start":{"line":4,"column":66},"end":{"line":14,"column":1}}}},"branchMap":{},"s":{"0":1,"1":1,"2":1,"3":2,"4":2,"5":2,"6":1,"7":1,"8":1,"9":1,"10":1,"11":1},"f":{"0":2,"1":2},"b":{}}
,"C:\\Users\\User\\Desktop\\Wassim SE2\\src\\parsers\\xmlParser.ts": {"path":"C:\\Users\\User\\Desktop\\Wassim SE2\\src\\parsers\\xmlParser.ts","statementMap":{"0":{"start":{"line":1,"column":0},"end":{"line":1,"column":29}},"1":{"start":{"line":2,"column":0},"end":{"line":2,"column":44}},"2":{"start":{"line":3,"column":0},"end":{"line":3,"column":37}},"3":{"start":{"line":5,"column":24},"end":{"line":22,"column":2}},"4":{"start":{"line":5,"column":65},"end":{"line":22,"column":2}},"5":{"start":{"line":6,"column":2},"end":{"line":21,"column":3}},"6":{"start":{"line":8,"column":20},"end":{"line":8,"column":56}},"7":{"start":{"line":12,"column":23},"end":{"line":14,"column":6}},"8":{"start":{"line":16,"column":4},"end":{"line":16,"column":61}},"9":{"start":{"line":17,"column":4},"end":{"line":17,"column":22}},"10":{"start":{"line":19,"column":4},"end":{"line":19,"column":76}},"11":{"start":{"line":20,"column":4},"end":{"line":20,"column":59}},"12":{"start":{"line":5,"column":13},"end":{"line":5,"column":24}}},"fnMap":{"0":{"name":"(anonymous_8)","decl":{"start":{"line":5,"column":24},"end":{"line":5,"column":31}},"loc":{"start":{"line":5,"column":65},"end":{"line":22,"column":2}}},"1":{"name":"(anonymous_9)","decl":{"start":{"line":5,"column":65},"end":{"line":5,"column":null}},"loc":{"start":{"line":5,"column":65},"end":{"line":22,"column":1}}}},"branchMap":{},"s":{"0":1,"1":1,"2":1,"3":1,"4":2,"5":2,"6":2,"7":1,"8":1,"9":1,"10":1,"11":1,"12":1},"f":{"0":2,"1":2},"b":{}}
,"C:\\Users\\User\\Desktop\\Wassim SE2\\src\\utils\\logger.ts": {"path":"C:\\Users\\User\\Desktop\\Wassim SE2\\src\\utils\\logger.ts","statementMap":{"0":{"start":{"line":1,"column":0},"end":{"line":1,"column":30}},"1":{"start":{"line":2,"column":0},"end":{"line":2,"column":20}},"2":{"start":{"line":3,"column":0},"end":{"line":3,"column":24}},"3":{"start":{"line":6,"column":15},"end":{"line":6,"column":21}},"4":{"start":{"line":7,"column":0},"end":{"line":9,"column":1}},"5":{"start":{"line":8,"column":2},"end":{"line":8,"column":23}},"6":{"start":{"line":11,"column":18},"end":{"line":14,"column":null}},"7":{"start":{"line":17,"column":15},"end":{"line":36,"column":2}},"8":{"start":{"line":38,"column":0},"end":{"line":38,"column":22}}},"fnMap":{},"branchMap":{"0":{"loc":{"start":{"line":7,"column":0},"end":{"line":9,"column":1}},"type":"if","locations":[{"start":{"line":7,"column":0},"end":{"line":9,"column":1}},{"start":{},"end":{}}]}},"s":{"0":3,"1":3,"2":3,"3":3,"4":3,"5":1,"6":3,"7":3,"8":3},"f":{},"b":{"0":[1,2]}}
}
